2017-09-22 17:13:24,648 [Worker-4] INFO  c.g.t.t.d.PublishedGradleVersions - Gradle version information cache is up-to-date. Trying to read.
2017-09-22 17:15:12,671 [Worker-8] INFO  o.e.m.c.i.l.LifecycleMappingFactory - Using org.eclipse.m2e.jdt.JarLifecycleMapping lifecycle mapping for MavenProject: com.example:demo:0.0.1-SNAPSHOT @ D:\xampp\htdocs\tutorial3_apap\demo\pom.xml.
2017-09-22 17:15:16,975 [Worker-8] INFO  o.e.m.j.i.AbstractJavaProjectConfigurator - Adding source folder /demo/src/main/java
2017-09-22 17:15:16,977 [Worker-8] INFO  o.e.m.j.i.AbstractJavaProjectConfigurator - Adding resource folder /demo/src/main/resources
2017-09-22 17:15:16,999 [Worker-8] INFO  o.e.m.j.i.AbstractJavaProjectConfigurator - Adding resource folder /demo/src/main/resources
2017-09-22 17:15:17,043 [Worker-8] INFO  o.e.m.j.i.AbstractJavaProjectConfigurator - Adding source folder /demo/src/test/java
2017-09-22 17:15:18,843 [Worker-8] INFO  o.e.m.c.i.p.ProjectConfigurationManager - Imported and configured 1 project(s) in 11 sec
2017-09-22 17:15:18,847 [Worker-8] INFO  o.e.m.c.i.p.ProjectConfigurationManager - Update started
2017-09-22 17:15:20,403 [Worker-8] INFO  o.e.m.c.i.l.LifecycleMappingFactory - Using org.eclipse.m2e.jdt.JarLifecycleMapping lifecycle mapping for MavenProject: com.example:demo:0.0.1-SNAPSHOT @ D:\xampp\htdocs\tutorial3_apap\demo\pom.xml.
2017-09-22 17:15:21,986 [Worker-8] INFO  o.e.m.j.i.AbstractJavaProjectConfigurator - Adding source folder /demo/src/main/java
2017-09-22 17:15:21,987 [Worker-8] INFO  o.e.m.j.i.AbstractJavaProjectConfigurator - Adding resource folder /demo/src/main/resources
2017-09-22 17:15:21,988 [Worker-8] INFO  o.e.m.j.i.AbstractJavaProjectConfigurator - Adding resource folder /demo/src/main/resources
2017-09-22 17:15:21,990 [Worker-8] INFO  o.e.m.j.i.AbstractJavaProjectConfigurator - Adding source folder /demo/src/test/java
2017-09-22 17:15:22,710 [Worker-8] INFO  o.e.m.c.i.p.ProjectConfigurationManager - Update completed: 3 sec
2017-09-22 17:15:26,225 [Worker-12] INFO  o.e.m.c.i.embedder.EclipseLogger - Using 'UTF-8' encoding to copy filtered resources.
2017-09-22 17:15:26,240 [Worker-12] INFO  o.e.m.c.i.embedder.EclipseLogger - Copying 1 resource
2017-09-22 17:15:26,276 [Worker-12] INFO  o.e.m.c.i.embedder.EclipseLogger - Copying 0 resource
2017-09-22 17:15:26,286 [Worker-12] INFO  o.e.m.c.i.embedder.EclipseLogger - Using 'UTF-8' encoding to copy filtered resources.
2017-09-22 17:15:26,286 [Worker-12] INFO  o.e.m.c.i.embedder.EclipseLogger - skip non existing resourceDirectory D:\xampp\htdocs\tutorial3_apap\demo\src\test\resources
2017-09-22 17:17:05,366 [Worker-10] INFO  o.e.m.c.i.embedder.EclipseLogger - Using 'UTF-8' encoding to copy filtered resources.
2017-09-22 17:17:05,375 [Worker-10] INFO  o.e.m.c.i.embedder.EclipseLogger - Copying 1 resource
2017-09-22 17:17:05,379 [Worker-10] INFO  o.e.m.c.i.embedder.EclipseLogger - Copying 0 resource
2017-09-22 17:17:05,384 [Worker-10] INFO  o.e.m.c.i.embedder.EclipseLogger - Using 'UTF-8' encoding to copy filtered resources.
2017-09-22 17:17:05,384 [Worker-10] INFO  o.e.m.c.i.embedder.EclipseLogger - skip non existing resourceDirectory D:\xampp\htdocs\tutorial3_apap\demo\src\test\resources
2017-09-22 17:17:39,496 [Worker-6] INFO  o.e.m.c.i.embedder.EclipseLogger - Using 'UTF-8' encoding to copy filtered resources.
2017-09-22 17:17:39,498 [Worker-6] INFO  o.e.m.c.i.embedder.EclipseLogger - Copying 1 resource
2017-09-22 17:17:39,503 [Worker-6] INFO  o.e.m.c.i.embedder.EclipseLogger - Copying 0 resource
2017-09-22 17:17:39,509 [Worker-6] INFO  o.e.m.c.i.embedder.EclipseLogger - Using 'UTF-8' encoding to copy filtered resources.
2017-09-22 17:17:39,510 [Worker-6] INFO  o.e.m.c.i.embedder.EclipseLogger - skip non existing resourceDirectory D:\xampp\htdocs\tutorial3_apap\demo\src\test\resources
2017-09-22 17:17:53,274 [Worker-10] INFO  o.e.m.c.i.embedder.EclipseLogger - Using 'UTF-8' encoding to copy filtered resources.
2017-09-22 17:17:53,276 [Worker-10] INFO  o.e.m.c.i.embedder.EclipseLogger - Copying 1 resource
2017-09-22 17:17:53,280 [Worker-10] INFO  o.e.m.c.i.embedder.EclipseLogger - Copying 0 resource
2017-09-22 17:17:53,295 [Worker-10] INFO  o.e.m.c.i.embedder.EclipseLogger - Using 'UTF-8' encoding to copy filtered resources.
2017-09-22 17:17:53,296 [Worker-10] INFO  o.e.m.c.i.embedder.EclipseLogger - skip non existing resourceDirectory D:\xampp\htdocs\tutorial3_apap\demo\src\test\resources
2017-09-22 17:18:04,441 [Worker-13] INFO  o.e.m.c.i.embedder.EclipseLogger - Using 'UTF-8' encoding to copy filtered resources.
2017-09-22 17:18:04,444 [Worker-13] INFO  o.e.m.c.i.embedder.EclipseLogger - Copying 1 resource
2017-09-22 17:18:04,448 [Worker-13] INFO  o.e.m.c.i.embedder.EclipseLogger - Copying 0 resource
2017-09-22 17:18:04,459 [Worker-13] INFO  o.e.m.c.i.embedder.EclipseLogger - Using 'UTF-8' encoding to copy filtered resources.
2017-09-22 17:18:04,460 [Worker-13] INFO  o.e.m.c.i.embedder.EclipseLogger - skip non existing resourceDirectory D:\xampp\htdocs\tutorial3_apap\demo\src\test\resources
2017-09-22 17:18:07,051 [Worker-8] INFO  o.e.m.c.i.embedder.EclipseLogger - Using 'UTF-8' encoding to copy filtered resources.
2017-09-22 17:18:07,052 [Worker-8] INFO  o.e.m.c.i.embedder.EclipseLogger - Copying 1 resource
2017-09-22 17:18:07,055 [Worker-8] INFO  o.e.m.c.i.embedder.EclipseLogger - Copying 0 resource
2017-09-22 17:18:07,059 [Worker-8] INFO  o.e.m.c.i.embedder.EclipseLogger - Using 'UTF-8' encoding to copy filtered resources.
2017-09-22 17:18:07,060 [Worker-8] INFO  o.e.m.c.i.embedder.EclipseLogger - skip non existing resourceDirectory D:\xampp\htdocs\tutorial3_apap\demo\src\test\resources
2017-09-22 17:18:15,279 [Worker-8] INFO  o.e.m.c.i.embedder.EclipseLogger - Using 'UTF-8' encoding to copy filtered resources.
2017-09-22 17:18:15,281 [Worker-8] INFO  o.e.m.c.i.embedder.EclipseLogger - Copying 1 resource
2017-09-22 17:18:15,289 [Worker-8] INFO  o.e.m.c.i.embedder.EclipseLogger - Copying 0 resource
2017-09-22 17:18:15,294 [Worker-8] INFO  o.e.m.c.i.embedder.EclipseLogger - Using 'UTF-8' encoding to copy filtered resources.
2017-09-22 17:18:15,295 [Worker-8] INFO  o.e.m.c.i.embedder.EclipseLogger - skip non existing resourceDirectory D:\xampp\htdocs\tutorial3_apap\demo\src\test\resources
2017-09-22 17:19:13,726 [Worker-6] INFO  o.e.m.c.i.embedder.EclipseLogger - Using 'UTF-8' encoding to copy filtered resources.
2017-09-22 17:19:13,728 [Worker-6] INFO  o.e.m.c.i.embedder.EclipseLogger - Copying 1 resource
2017-09-22 17:19:13,731 [Worker-6] INFO  o.e.m.c.i.embedder.EclipseLogger - Copying 0 resource
2017-09-22 17:19:13,745 [Worker-6] INFO  o.e.m.c.i.embedder.EclipseLogger - Using 'UTF-8' encoding to copy filtered resources.
2017-09-22 17:19:13,745 [Worker-6] INFO  o.e.m.c.i.embedder.EclipseLogger - skip non existing resourceDirectory D:\xampp\htdocs\tutorial3_apap\demo\src\test\resources
2017-09-22 17:19:52,407 [Worker-13] INFO  o.e.m.c.i.embedder.EclipseLogger - Using 'UTF-8' encoding to copy filtered resources.
2017-09-22 17:19:52,409 [Worker-13] INFO  o.e.m.c.i.embedder.EclipseLogger - Copying 1 resource
2017-09-22 17:19:52,413 [Worker-13] INFO  o.e.m.c.i.embedder.EclipseLogger - Copying 0 resource
2017-09-22 17:19:52,419 [Worker-13] INFO  o.e.m.c.i.embedder.EclipseLogger - Using 'UTF-8' encoding to copy filtered resources.
2017-09-22 17:19:52,419 [Worker-13] INFO  o.e.m.c.i.embedder.EclipseLogger - skip non existing resourceDirectory D:\xampp\htdocs\tutorial3_apap\demo\src\test\resources
2017-09-22 17:21:30,560 [Worker-6] INFO  o.e.m.c.i.embedder.EclipseLogger - Using 'UTF-8' encoding to copy filtered resources.
2017-09-22 17:21:30,560 [Worker-6] INFO  o.e.m.c.i.embedder.EclipseLogger - Copying 1 resource
2017-09-22 17:21:30,560 [Worker-6] INFO  o.e.m.c.i.embedder.EclipseLogger - Copying 0 resource
2017-09-22 17:21:30,560 [Worker-6] INFO  o.e.m.c.i.embedder.EclipseLogger - Using 'UTF-8' encoding to copy filtered resources.
2017-09-22 17:21:30,560 [Worker-6] INFO  o.e.m.c.i.embedder.EclipseLogger - skip non existing resourceDirectory D:\xampp\htdocs\tutorial3_apap\demo\src\test\resources
2017-09-22 17:23:31,295 [Worker-3] INFO  o.e.m.c.i.embedder.EclipseLogger - Using 'UTF-8' encoding to copy filtered resources.
2017-09-22 17:23:31,295 [Worker-3] INFO  o.e.m.c.i.embedder.EclipseLogger - Copying 1 resource
2017-09-22 17:23:31,295 [Worker-3] INFO  o.e.m.c.i.embedder.EclipseLogger - Copying 0 resource
2017-09-22 17:23:31,295 [Worker-3] INFO  o.e.m.c.i.embedder.EclipseLogger - Using 'UTF-8' encoding to copy filtered resources.
2017-09-22 17:23:31,295 [Worker-3] INFO  o.e.m.c.i.embedder.EclipseLogger - skip non existing resourceDirectory D:\xampp\htdocs\tutorial3_apap\demo\src\test\resources
2017-09-22 17:23:56,670 [Worker-12] INFO  o.e.m.c.i.embedder.EclipseLogger - Using 'UTF-8' encoding to copy filtered resources.
2017-09-22 17:23:56,674 [Worker-12] INFO  o.e.m.c.i.embedder.EclipseLogger - Copying 1 resource
2017-09-22 17:23:56,677 [Worker-12] INFO  o.e.m.c.i.embedder.EclipseLogger - Copying 0 resource
2017-09-22 17:23:56,682 [Worker-12] INFO  o.e.m.c.i.embedder.EclipseLogger - Using 'UTF-8' encoding to copy filtered resources.
2017-09-22 17:23:56,683 [Worker-12] INFO  o.e.m.c.i.embedder.EclipseLogger - skip non existing resourceDirectory D:\xampp\htdocs\tutorial3_apap\demo\src\test\resources
2017-09-22 17:24:54,367 [Worker-7] INFO  o.e.m.c.i.embedder.EclipseLogger - Using 'UTF-8' encoding to copy filtered resources.
2017-09-22 17:24:54,374 [Worker-7] INFO  o.e.m.c.i.embedder.EclipseLogger - Copying 1 resource
2017-09-22 17:24:54,379 [Worker-7] INFO  o.e.m.c.i.embedder.EclipseLogger - Copying 0 resource
2017-09-22 17:24:54,386 [Worker-7] INFO  o.e.m.c.i.embedder.EclipseLogger - Using 'UTF-8' encoding to copy filtered resources.
2017-09-22 17:24:54,386 [Worker-7] INFO  o.e.m.c.i.embedder.EclipseLogger - skip non existing resourceDirectory D:\xampp\htdocs\tutorial3_apap\demo\src\test\resources
2017-09-22 17:25:25,787 [Worker-12] INFO  o.e.m.c.i.embedder.EclipseLogger - Using 'UTF-8' encoding to copy filtered resources.
2017-09-22 17:25:25,787 [Worker-12] INFO  o.e.m.c.i.embedder.EclipseLogger - Copying 1 resource
2017-09-22 17:25:25,787 [Worker-12] INFO  o.e.m.c.i.embedder.EclipseLogger - Copying 0 resource
2017-09-22 17:25:25,803 [Worker-12] INFO  o.e.m.c.i.embedder.EclipseLogger - Using 'UTF-8' encoding to copy filtered resources.
2017-09-22 17:25:25,803 [Worker-12] INFO  o.e.m.c.i.embedder.EclipseLogger - skip non existing resourceDirectory D:\xampp\htdocs\tutorial3_apap\demo\src\test\resources
2017-09-22 17:25:29,582 [Worker-12] INFO  o.e.m.c.i.embedder.EclipseLogger - Using 'UTF-8' encoding to copy filtered resources.
2017-09-22 17:25:29,584 [Worker-12] INFO  o.e.m.c.i.embedder.EclipseLogger - Copying 1 resource
2017-09-22 17:25:29,589 [Worker-12] INFO  o.e.m.c.i.embedder.EclipseLogger - Copying 0 resource
2017-09-22 17:25:29,594 [Worker-12] INFO  o.e.m.c.i.embedder.EclipseLogger - Using 'UTF-8' encoding to copy filtered resources.
2017-09-22 17:25:29,594 [Worker-12] INFO  o.e.m.c.i.embedder.EclipseLogger - skip non existing resourceDirectory D:\xampp\htdocs\tutorial3_apap\demo\src\test\resources
2017-09-22 17:27:21,219 [Worker-11] INFO  o.e.m.c.i.embedder.EclipseLogger - Using 'UTF-8' encoding to copy filtered resources.
2017-09-22 17:27:21,223 [Worker-11] INFO  o.e.m.c.i.embedder.EclipseLogger - Copying 1 resource
2017-09-22 17:27:21,227 [Worker-11] INFO  o.e.m.c.i.embedder.EclipseLogger - Copying 0 resource
2017-09-22 17:27:21,243 [Worker-11] INFO  o.e.m.c.i.embedder.EclipseLogger - Using 'UTF-8' encoding to copy filtered resources.
2017-09-22 17:27:21,243 [Worker-11] INFO  o.e.m.c.i.embedder.EclipseLogger - skip non existing resourceDirectory D:\xampp\htdocs\tutorial3_apap\demo\src\test\resources
2017-09-22 17:28:10,106 [Worker-10] INFO  o.e.m.c.i.embedder.EclipseLogger - Using 'UTF-8' encoding to copy filtered resources.
2017-09-22 17:28:10,106 [Worker-10] INFO  o.e.m.c.i.embedder.EclipseLogger - Copying 1 resource
2017-09-22 17:28:10,121 [Worker-10] INFO  o.e.m.c.i.embedder.EclipseLogger - Copying 0 resource
2017-09-22 17:28:10,121 [Worker-10] INFO  o.e.m.c.i.embedder.EclipseLogger - Using 'UTF-8' encoding to copy filtered resources.
2017-09-22 17:28:10,121 [Worker-10] INFO  o.e.m.c.i.embedder.EclipseLogger - skip non existing resourceDirectory D:\xampp\htdocs\tutorial3_apap\demo\src\test\resources
2017-09-22 17:28:53,506 [Worker-10] INFO  o.e.m.c.i.embedder.EclipseLogger - Using 'UTF-8' encoding to copy filtered resources.
2017-09-22 17:28:53,506 [Worker-10] INFO  o.e.m.c.i.embedder.EclipseLogger - Copying 1 resource
2017-09-22 17:28:53,510 [Worker-10] INFO  o.e.m.c.i.embedder.EclipseLogger - Copying 0 resource
2017-09-22 17:28:53,514 [Worker-10] INFO  o.e.m.c.i.embedder.EclipseLogger - Using 'UTF-8' encoding to copy filtered resources.
2017-09-22 17:28:53,514 [Worker-10] INFO  o.e.m.c.i.embedder.EclipseLogger - skip non existing resourceDirectory D:\xampp\htdocs\tutorial3_apap\demo\src\test\resources
2017-09-22 17:31:10,851 [Worker-4] INFO  o.e.m.c.i.embedder.EclipseLogger - Using 'UTF-8' encoding to copy filtered resources.
2017-09-22 17:31:10,851 [Worker-4] INFO  o.e.m.c.i.embedder.EclipseLogger - Copying 1 resource
2017-09-22 17:31:10,855 [Worker-4] INFO  o.e.m.c.i.embedder.EclipseLogger - Copying 0 resource
2017-09-22 17:31:10,859 [Worker-4] INFO  o.e.m.c.i.embedder.EclipseLogger - Using 'UTF-8' encoding to copy filtered resources.
2017-09-22 17:31:10,859 [Worker-4] INFO  o.e.m.c.i.embedder.EclipseLogger - skip non existing resourceDirectory D:\xampp\htdocs\tutorial3_apap\demo\src\test\resources
2017-09-22 17:49:14,500 [Worker-10] INFO  o.e.m.c.i.embedder.EclipseLogger - Using 'UTF-8' encoding to copy filtered resources.
2017-09-22 17:49:14,500 [Worker-10] INFO  o.e.m.c.i.embedder.EclipseLogger - Copying 1 resource
2017-09-22 17:49:14,500 [Worker-10] INFO  o.e.m.c.i.embedder.EclipseLogger - Copying 0 resource
2017-09-22 17:49:14,500 [Worker-10] INFO  o.e.m.c.i.embedder.EclipseLogger - Using 'UTF-8' encoding to copy filtered resources.
2017-09-22 17:49:14,500 [Worker-10] INFO  o.e.m.c.i.embedder.EclipseLogger - skip non existing resourceDirectory D:\xampp\htdocs\tutorial3_apap\demo\src\test\resources
2017-09-22 17:55:31,221 [Worker-7] INFO  o.e.m.c.i.embedder.EclipseLogger - Using 'UTF-8' encoding to copy filtered resources.
2017-09-22 17:55:31,223 [Worker-7] INFO  o.e.m.c.i.embedder.EclipseLogger - Copying 1 resource
2017-09-22 17:55:31,226 [Worker-7] INFO  o.e.m.c.i.embedder.EclipseLogger - Copying 0 resource
2017-09-22 17:55:31,230 [Worker-7] INFO  o.e.m.c.i.embedder.EclipseLogger - Using 'UTF-8' encoding to copy filtered resources.
2017-09-22 17:55:31,230 [Worker-7] INFO  o.e.m.c.i.embedder.EclipseLogger - skip non existing resourceDirectory D:\xampp\htdocs\tutorial3_apap\demo\src\test\resources
2017-09-22 17:58:24,945 [Worker-6] INFO  o.e.m.c.i.embedder.EclipseLogger - Using 'UTF-8' encoding to copy filtered resources.
2017-09-22 17:58:24,945 [Worker-6] INFO  o.e.m.c.i.embedder.EclipseLogger - Copying 1 resource
2017-09-22 17:58:24,945 [Worker-6] INFO  o.e.m.c.i.embedder.EclipseLogger - Copying 0 resource
2017-09-22 17:58:24,961 [Worker-6] INFO  o.e.m.c.i.embedder.EclipseLogger - Using 'UTF-8' encoding to copy filtered resources.
2017-09-22 17:58:24,961 [Worker-6] INFO  o.e.m.c.i.embedder.EclipseLogger - skip non existing resourceDirectory D:\xampp\htdocs\tutorial3_apap\demo\src\test\resources
2017-09-22 17:58:45,290 [Worker-7] INFO  o.e.m.c.i.embedder.EclipseLogger - Using 'UTF-8' encoding to copy filtered resources.
2017-09-22 17:58:45,290 [Worker-7] INFO  o.e.m.c.i.embedder.EclipseLogger - Copying 1 resource
2017-09-22 17:58:45,290 [Worker-7] INFO  o.e.m.c.i.embedder.EclipseLogger - Copying 0 resource
2017-09-22 17:58:45,290 [Worker-7] INFO  o.e.m.c.i.embedder.EclipseLogger - Using 'UTF-8' encoding to copy filtered resources.
2017-09-22 17:58:45,290 [Worker-7] INFO  o.e.m.c.i.embedder.EclipseLogger - skip non existing resourceDirectory D:\xampp\htdocs\tutorial3_apap\demo\src\test\resources
2017-09-22 18:03:03,374 [Worker-10] INFO  o.e.m.c.i.embedder.EclipseLogger - Using 'UTF-8' encoding to copy filtered resources.
2017-09-22 18:03:03,375 [Worker-10] INFO  o.e.m.c.i.embedder.EclipseLogger - Copying 1 resource
2017-09-22 18:03:03,376 [Worker-10] INFO  o.e.m.c.i.embedder.EclipseLogger - Copying 0 resource
2017-09-22 18:03:03,376 [Worker-10] INFO  o.e.m.c.i.embedder.EclipseLogger - Using 'UTF-8' encoding to copy filtered resources.
2017-09-22 18:03:03,376 [Worker-10] INFO  o.e.m.c.i.embedder.EclipseLogger - skip non existing resourceDirectory D:\xampp\htdocs\tutorial3_apap\demo\src\test\resources
2017-09-22 18:06:50,422 [Worker-16] INFO  o.e.m.c.i.embedder.EclipseLogger - Using 'UTF-8' encoding to copy filtered resources.
2017-09-22 18:06:50,422 [Worker-16] INFO  o.e.m.c.i.embedder.EclipseLogger - Copying 1 resource
2017-09-22 18:06:50,422 [Worker-16] INFO  o.e.m.c.i.embedder.EclipseLogger - Copying 0 resource
2017-09-22 18:06:50,438 [Worker-16] INFO  o.e.m.c.i.embedder.EclipseLogger - Using 'UTF-8' encoding to copy filtered resources.
2017-09-22 18:06:50,438 [Worker-16] INFO  o.e.m.c.i.embedder.EclipseLogger - skip non existing resourceDirectory D:\xampp\htdocs\tutorial3_apap\demo\src\test\resources
2017-09-22 18:11:08,472 [Worker-7] INFO  o.e.m.c.i.embedder.EclipseLogger - Using 'UTF-8' encoding to copy filtered resources.
2017-09-22 18:11:08,472 [Worker-7] INFO  o.e.m.c.i.embedder.EclipseLogger - Copying 1 resource
2017-09-22 18:11:08,472 [Worker-7] INFO  o.e.m.c.i.embedder.EclipseLogger - Copying 0 resource
2017-09-22 18:11:08,472 [Worker-7] INFO  o.e.m.c.i.embedder.EclipseLogger - Using 'UTF-8' encoding to copy filtered resources.
2017-09-22 18:11:08,472 [Worker-7] INFO  o.e.m.c.i.embedder.EclipseLogger - skip non existing resourceDirectory D:\xampp\htdocs\tutorial3_apap\demo\src\test\resources
2017-09-22 18:11:43,841 [Worker-7] INFO  o.e.m.c.i.embedder.EclipseLogger - Using 'UTF-8' encoding to copy filtered resources.
2017-09-22 18:11:43,857 [Worker-7] INFO  o.e.m.c.i.embedder.EclipseLogger - Copying 1 resource
2017-09-22 18:11:43,857 [Worker-7] INFO  o.e.m.c.i.embedder.EclipseLogger - Copying 0 resource
2017-09-22 18:11:43,857 [Worker-7] INFO  o.e.m.c.i.embedder.EclipseLogger - Using 'UTF-8' encoding to copy filtered resources.
2017-09-22 18:11:43,857 [Worker-7] INFO  o.e.m.c.i.embedder.EclipseLogger - skip non existing resourceDirectory D:\xampp\htdocs\tutorial3_apap\demo\src\test\resources
2017-09-22 18:12:12,157 [Worker-6] INFO  o.e.m.c.i.embedder.EclipseLogger - Using 'UTF-8' encoding to copy filtered resources.
2017-09-22 18:12:12,172 [Worker-6] INFO  o.e.m.c.i.embedder.EclipseLogger - Copying 1 resource
2017-09-22 18:12:12,172 [Worker-6] INFO  o.e.m.c.i.embedder.EclipseLogger - Copying 0 resource
2017-09-22 18:12:12,172 [Worker-6] INFO  o.e.m.c.i.embedder.EclipseLogger - Using 'UTF-8' encoding to copy filtered resources.
2017-09-22 18:12:12,172 [Worker-6] INFO  o.e.m.c.i.embedder.EclipseLogger - skip non existing resourceDirectory D:\xampp\htdocs\tutorial3_apap\demo\src\test\resources
2017-09-22 18:16:33,792 [Worker-10] INFO  o.e.m.c.i.embedder.EclipseLogger - Using 'UTF-8' encoding to copy filtered resources.
2017-09-22 18:16:33,792 [Worker-10] INFO  o.e.m.c.i.embedder.EclipseLogger - Copying 1 resource
2017-09-22 18:16:33,792 [Worker-10] INFO  o.e.m.c.i.embedder.EclipseLogger - Copying 0 resource
2017-09-22 18:16:33,792 [Worker-10] INFO  o.e.m.c.i.embedder.EclipseLogger - Using 'UTF-8' encoding to copy filtered resources.
2017-09-22 18:16:33,792 [Worker-10] INFO  o.e.m.c.i.embedder.EclipseLogger - skip non existing resourceDirectory D:\xampp\htdocs\tutorial3_apap\demo\src\test\resources
2017-09-22 18:17:36,077 [Worker-18] INFO  o.e.m.c.i.embedder.EclipseLogger - Using 'UTF-8' encoding to copy filtered resources.
2017-09-22 18:17:36,094 [Worker-18] INFO  o.e.m.c.i.embedder.EclipseLogger - Copying 0 resource
2017-09-22 18:17:36,095 [Worker-18] INFO  o.e.m.c.i.embedder.EclipseLogger - Copying 1 resource
2017-09-22 18:17:36,105 [Worker-18] INFO  o.e.m.c.i.embedder.EclipseLogger - Using 'UTF-8' encoding to copy filtered resources.
2017-09-22 18:17:36,105 [Worker-18] INFO  o.e.m.c.i.embedder.EclipseLogger - skip non existing resourceDirectory D:\xampp\htdocs\tutorial3_apap\demo\src\test\resources
2017-09-22 18:17:44,097 [Worker-18] INFO  o.e.m.c.i.embedder.EclipseLogger - Using 'UTF-8' encoding to copy filtered resources.
2017-09-22 18:17:44,098 [Worker-18] INFO  o.e.m.c.i.embedder.EclipseLogger - Copying 0 resource
2017-09-22 18:17:44,098 [Worker-18] INFO  o.e.m.c.i.embedder.EclipseLogger - Copying 0 resource
2017-09-22 18:17:44,104 [Worker-18] INFO  o.e.m.c.i.embedder.EclipseLogger - Using 'UTF-8' encoding to copy filtered resources.
2017-09-22 18:17:44,104 [Worker-18] INFO  o.e.m.c.i.embedder.EclipseLogger - skip non existing resourceDirectory D:\xampp\htdocs\tutorial3_apap\demo\src\test\resources
2017-09-22 18:18:04,311 [Worker-6] INFO  o.e.m.c.i.embedder.EclipseLogger - Using 'UTF-8' encoding to copy filtered resources.
2017-09-22 18:18:04,311 [Worker-6] INFO  o.e.m.c.i.embedder.EclipseLogger - Copying 0 resource
2017-09-22 18:18:04,311 [Worker-6] INFO  o.e.m.c.i.embedder.EclipseLogger - Copying 1 resource
2017-09-22 18:18:04,311 [Worker-6] INFO  o.e.m.c.i.embedder.EclipseLogger - Using 'UTF-8' encoding to copy filtered resources.
2017-09-22 18:18:04,311 [Worker-6] INFO  o.e.m.c.i.embedder.EclipseLogger - skip non existing resourceDirectory D:\xampp\htdocs\tutorial3_apap\demo\src\test\resources
2017-09-22 18:18:46,938 [Worker-19] INFO  o.e.m.c.i.embedder.EclipseLogger - Using 'UTF-8' encoding to copy filtered resources.
2017-09-22 18:18:46,938 [Worker-19] INFO  o.e.m.c.i.embedder.EclipseLogger - Copying 0 resource
2017-09-22 18:18:46,938 [Worker-19] INFO  o.e.m.c.i.embedder.EclipseLogger - Copying 1 resource
2017-09-22 18:18:46,938 [Worker-19] INFO  o.e.m.c.i.embedder.EclipseLogger - Using 'UTF-8' encoding to copy filtered resources.
2017-09-22 18:18:46,938 [Worker-19] INFO  o.e.m.c.i.embedder.EclipseLogger - skip non existing resourceDirectory D:\xampp\htdocs\tutorial3_apap\demo\src\test\resources
2017-09-22 19:32:12,705 [Worker-24] INFO  o.e.m.c.i.embedder.EclipseLogger - Using 'UTF-8' encoding to copy filtered resources.
2017-09-22 19:32:12,705 [Worker-24] INFO  o.e.m.c.i.embedder.EclipseLogger - Copying 1 resource
2017-09-22 19:32:12,721 [Worker-24] INFO  o.e.m.c.i.embedder.EclipseLogger - Copying 1 resource
2017-09-22 19:32:12,721 [Worker-24] INFO  o.e.m.c.i.embedder.EclipseLogger - Using 'UTF-8' encoding to copy filtered resources.
2017-09-22 19:32:12,721 [Worker-24] INFO  o.e.m.c.i.embedder.EclipseLogger - skip non existing resourceDirectory D:\xampp\htdocs\tutorial3_apap\demo\src\test\resources
2017-09-22 19:32:58,963 [Worker-23] INFO  o.e.m.c.i.embedder.EclipseLogger - Using 'UTF-8' encoding to copy filtered resources.
2017-09-22 19:32:58,963 [Worker-23] INFO  o.e.m.c.i.embedder.EclipseLogger - Copying 1 resource
2017-09-22 19:32:58,963 [Worker-23] INFO  o.e.m.c.i.embedder.EclipseLogger - Copying 1 resource
2017-09-22 19:32:58,979 [Worker-23] INFO  o.e.m.c.i.embedder.EclipseLogger - Using 'UTF-8' encoding to copy filtered resources.
2017-09-22 19:32:58,979 [Worker-23] INFO  o.e.m.c.i.embedder.EclipseLogger - skip non existing resourceDirectory D:\xampp\htdocs\tutorial3_apap\demo\src\test\resources
2017-09-22 19:33:37,387 [Worker-25] INFO  o.e.m.c.i.embedder.EclipseLogger - Using 'UTF-8' encoding to copy filtered resources.
2017-09-22 19:33:37,387 [Worker-25] INFO  o.e.m.c.i.embedder.EclipseLogger - Copying 0 resource
2017-09-22 19:33:37,387 [Worker-25] INFO  o.e.m.c.i.embedder.EclipseLogger - Copying 1 resource
2017-09-22 19:33:37,403 [Worker-25] INFO  o.e.m.c.i.embedder.EclipseLogger - Using 'UTF-8' encoding to copy filtered resources.
2017-09-22 19:33:37,403 [Worker-25] INFO  o.e.m.c.i.embedder.EclipseLogger - skip non existing resourceDirectory D:\xampp\htdocs\tutorial3_apap\demo\src\test\resources
2017-09-22 19:36:25,962 [Worker-21] INFO  o.e.m.c.i.embedder.EclipseLogger - Using 'UTF-8' encoding to copy filtered resources.
2017-09-22 19:36:25,962 [Worker-21] INFO  o.e.m.c.i.embedder.EclipseLogger - Copying 0 resource
2017-09-22 19:36:25,962 [Worker-21] INFO  o.e.m.c.i.embedder.EclipseLogger - Copying 1 resource
2017-09-22 19:36:25,978 [Worker-21] INFO  o.e.m.c.i.embedder.EclipseLogger - Using 'UTF-8' encoding to copy filtered resources.
2017-09-22 19:36:25,978 [Worker-21] INFO  o.e.m.c.i.embedder.EclipseLogger - skip non existing resourceDirectory D:\xampp\htdocs\tutorial3_apap\demo\src\test\resources
2017-09-23 09:38:37,396 [Worker-0] INFO  c.g.t.t.d.PublishedGradleVersions - Gradle version information cache is up-to-date. Trying to read.
2017-09-23 09:58:42,995 [Worker-3] INFO  o.e.m.c.i.embedder.EclipseLogger - Using 'UTF-8' encoding to copy filtered resources.
2017-09-23 09:58:43,009 [Worker-3] INFO  o.e.m.c.i.embedder.EclipseLogger - Copying 1 resource
2017-09-23 09:58:43,041 [Worker-3] INFO  o.e.m.c.i.embedder.EclipseLogger - Copying 2 resources
2017-09-23 09:58:43,053 [Worker-3] INFO  o.e.m.c.i.embedder.EclipseLogger - Using 'UTF-8' encoding to copy filtered resources.
2017-09-23 09:58:43,054 [Worker-3] INFO  o.e.m.c.i.embedder.EclipseLogger - skip non existing resourceDirectory D:\xampp\htdocs\tutorial3_apap\demo\src\test\resources
2017-09-23 10:03:18,139 [Worker-22] INFO  o.e.m.c.i.embedder.EclipseLogger - Using 'UTF-8' encoding to copy filtered resources.
2017-09-23 10:03:18,162 [Worker-22] INFO  o.e.m.c.i.embedder.EclipseLogger - Copying 1 resource
2017-09-23 10:03:18,165 [Worker-22] INFO  o.e.m.c.i.embedder.EclipseLogger - Copying 2 resources
2017-09-23 10:03:18,172 [Worker-22] INFO  o.e.m.c.i.embedder.EclipseLogger - Using 'UTF-8' encoding to copy filtered resources.
2017-09-23 10:03:18,172 [Worker-22] INFO  o.e.m.c.i.embedder.EclipseLogger - skip non existing resourceDirectory D:\xampp\htdocs\tutorial3_apap\demo\src\test\resources
2017-09-23 10:20:09,686 [Worker-28] INFO  o.e.m.c.i.embedder.EclipseLogger - Using 'UTF-8' encoding to copy filtered resources.
2017-09-23 10:20:09,689 [Worker-28] INFO  o.e.m.c.i.embedder.EclipseLogger - Copying 1 resource
2017-09-23 10:20:09,693 [Worker-28] INFO  o.e.m.c.i.embedder.EclipseLogger - Copying 2 resources
2017-09-23 10:20:09,698 [Worker-28] INFO  o.e.m.c.i.embedder.EclipseLogger - Using 'UTF-8' encoding to copy filtered resources.
2017-09-23 10:20:09,699 [Worker-28] INFO  o.e.m.c.i.embedder.EclipseLogger - skip non existing resourceDirectory D:\xampp\htdocs\tutorial3_apap\demo\src\test\resources
2017-09-23 10:23:09,999 [Worker-27] INFO  o.e.m.c.i.embedder.EclipseLogger - Using 'UTF-8' encoding to copy filtered resources.
2017-09-23 10:23:10,002 [Worker-27] INFO  o.e.m.c.i.embedder.EclipseLogger - Copying 1 resource
2017-09-23 10:23:10,006 [Worker-27] INFO  o.e.m.c.i.embedder.EclipseLogger - Copying 2 resources
2017-09-23 10:23:10,011 [Worker-27] INFO  o.e.m.c.i.embedder.EclipseLogger - Using 'UTF-8' encoding to copy filtered resources.
2017-09-23 10:23:10,011 [Worker-27] INFO  o.e.m.c.i.embedder.EclipseLogger - skip non existing resourceDirectory D:\xampp\htdocs\tutorial3_apap\demo\src\test\resources
2017-09-23 10:24:19,773 [Worker-27] INFO  o.e.m.c.i.embedder.EclipseLogger - Using 'UTF-8' encoding to copy filtered resources.
2017-09-23 10:24:19,777 [Worker-27] INFO  o.e.m.c.i.embedder.EclipseLogger - Copying 0 resource
2017-09-23 10:24:19,778 [Worker-27] INFO  o.e.m.c.i.embedder.EclipseLogger - Copying 1 resource
2017-09-23 10:24:19,791 [Worker-27] INFO  o.e.m.c.i.embedder.EclipseLogger - Using 'UTF-8' encoding to copy filtered resources.
2017-09-23 10:24:19,791 [Worker-27] INFO  o.e.m.c.i.embedder.EclipseLogger - skip non existing resourceDirectory D:\xampp\htdocs\tutorial3_apap\demo\src\test\resources
2017-09-23 10:24:20,889 [Worker-31] INFO  o.e.m.c.i.embedder.EclipseLogger - Using 'UTF-8' encoding to copy filtered resources.
2017-09-23 10:24:20,890 [Worker-31] INFO  o.e.m.c.i.embedder.EclipseLogger - Copying 0 resource
2017-09-23 10:24:20,890 [Worker-31] INFO  o.e.m.c.i.embedder.EclipseLogger - Copying 1 resource
2017-09-23 10:24:20,899 [Worker-31] INFO  o.e.m.c.i.embedder.EclipseLogger - Using 'UTF-8' encoding to copy filtered resources.
2017-09-23 10:24:20,900 [Worker-31] INFO  o.e.m.c.i.embedder.EclipseLogger - skip non existing resourceDirectory D:\xampp\htdocs\tutorial3_apap\demo\src\test\resources
2017-09-23 10:31:20,772 [Worker-33] INFO  o.e.m.c.i.embedder.EclipseLogger - Using 'UTF-8' encoding to copy filtered resources.
2017-09-23 10:31:20,775 [Worker-33] INFO  o.e.m.c.i.embedder.EclipseLogger - Copying 0 resource
2017-09-23 10:31:20,776 [Worker-33] INFO  o.e.m.c.i.embedder.EclipseLogger - Copying 1 resource
2017-09-23 10:31:20,805 [Worker-33] INFO  o.e.m.c.i.embedder.EclipseLogger - Using 'UTF-8' encoding to copy filtered resources.
2017-09-23 10:31:20,806 [Worker-33] INFO  o.e.m.c.i.embedder.EclipseLogger - skip non existing resourceDirectory D:\xampp\htdocs\tutorial3_apap\demo\src\test\resources
2017-09-23 10:32:23,729 [Worker-32] INFO  o.e.m.c.i.embedder.EclipseLogger - Using 'UTF-8' encoding to copy filtered resources.
2017-09-23 10:32:23,731 [Worker-32] INFO  o.e.m.c.i.embedder.EclipseLogger - Copying 1 resource
2017-09-23 10:32:23,734 [Worker-32] INFO  o.e.m.c.i.embedder.EclipseLogger - Copying 3 resources
2017-09-23 10:32:23,739 [Worker-32] INFO  o.e.m.c.i.embedder.EclipseLogger - Using 'UTF-8' encoding to copy filtered resources.
2017-09-23 10:32:23,740 [Worker-32] INFO  o.e.m.c.i.embedder.EclipseLogger - skip non existing resourceDirectory D:\xampp\htdocs\tutorial3_apap\demo\src\test\resources
2017-09-23 14:44:05,486 [Worker-75] INFO  o.e.m.c.i.embedder.EclipseLogger - Using 'UTF-8' encoding to copy filtered resources.
2017-09-23 14:44:05,489 [Worker-75] INFO  o.e.m.c.i.embedder.EclipseLogger - Copying 1 resource
2017-09-23 14:44:05,493 [Worker-75] INFO  o.e.m.c.i.embedder.EclipseLogger - Copying 3 resources
2017-09-23 14:44:05,499 [Worker-75] INFO  o.e.m.c.i.embedder.EclipseLogger - Using 'UTF-8' encoding to copy filtered resources.
2017-09-23 14:44:05,499 [Worker-75] INFO  o.e.m.c.i.embedder.EclipseLogger - skip non existing resourceDirectory D:\xampp\htdocs\tutorial3_apap\demo\src\test\resources
2017-09-23 14:50:17,877 [Worker-78] INFO  o.e.m.c.i.embedder.EclipseLogger - Using 'UTF-8' encoding to copy filtered resources.
2017-09-23 14:50:17,880 [Worker-78] INFO  o.e.m.c.i.embedder.EclipseLogger - Copying 1 resource
2017-09-23 14:50:17,884 [Worker-78] INFO  o.e.m.c.i.embedder.EclipseLogger - Copying 3 resources
2017-09-23 14:50:17,890 [Worker-78] INFO  o.e.m.c.i.embedder.EclipseLogger - Using 'UTF-8' encoding to copy filtered resources.
2017-09-23 14:50:17,890 [Worker-78] INFO  o.e.m.c.i.embedder.EclipseLogger - skip non existing resourceDirectory D:\xampp\htdocs\tutorial3_apap\demo\src\test\resources
2017-09-23 14:50:40,837 [Worker-79] INFO  o.e.m.c.i.embedder.EclipseLogger - Using 'UTF-8' encoding to copy filtered resources.
2017-09-23 14:50:40,837 [Worker-79] INFO  o.e.m.c.i.embedder.EclipseLogger - Copying 1 resource
2017-09-23 14:50:40,837 [Worker-79] INFO  o.e.m.c.i.embedder.EclipseLogger - Copying 3 resources
2017-09-23 14:50:40,837 [Worker-79] INFO  o.e.m.c.i.embedder.EclipseLogger - Using 'UTF-8' encoding to copy filtered resources.
2017-09-23 14:50:40,837 [Worker-79] INFO  o.e.m.c.i.embedder.EclipseLogger - skip non existing resourceDirectory D:\xampp\htdocs\tutorial3_apap\demo\src\test\resources
2017-09-23 15:02:12,464 [Worker-76] INFO  o.e.m.c.i.embedder.EclipseLogger - Using 'UTF-8' encoding to copy filtered resources.
2017-09-23 15:02:12,466 [Worker-76] INFO  o.e.m.c.i.embedder.EclipseLogger - Copying 1 resource
2017-09-23 15:02:12,478 [Worker-76] INFO  o.e.m.c.i.embedder.EclipseLogger - Copying 3 resources
2017-09-23 15:02:12,495 [Worker-76] INFO  o.e.m.c.i.embedder.EclipseLogger - Using 'UTF-8' encoding to copy filtered resources.
2017-09-23 15:02:12,495 [Worker-76] INFO  o.e.m.c.i.embedder.EclipseLogger - skip non existing resourceDirectory D:\xampp\htdocs\tutorial3_apap\demo\src\test\resources
2017-09-23 15:07:54,108 [Worker-80] INFO  o.e.m.c.i.embedder.EclipseLogger - Using 'UTF-8' encoding to copy filtered resources.
2017-09-23 15:07:54,111 [Worker-80] INFO  o.e.m.c.i.embedder.EclipseLogger - Copying 1 resource
2017-09-23 15:07:54,116 [Worker-80] INFO  o.e.m.c.i.embedder.EclipseLogger - Copying 3 resources
2017-09-23 15:07:54,121 [Worker-80] INFO  o.e.m.c.i.embedder.EclipseLogger - Using 'UTF-8' encoding to copy filtered resources.
2017-09-23 15:07:54,121 [Worker-80] INFO  o.e.m.c.i.embedder.EclipseLogger - skip non existing resourceDirectory D:\xampp\htdocs\tutorial3_apap\demo\src\test\resources
2017-09-23 15:08:12,035 [Worker-85] INFO  o.e.m.c.i.embedder.EclipseLogger - Using 'UTF-8' encoding to copy filtered resources.
2017-09-23 15:08:12,035 [Worker-85] INFO  o.e.m.c.i.embedder.EclipseLogger - Copying 0 resource
2017-09-23 15:08:12,035 [Worker-85] INFO  o.e.m.c.i.embedder.EclipseLogger - Copying 1 resource
2017-09-23 15:08:12,050 [Worker-85] INFO  o.e.m.c.i.embedder.EclipseLogger - Using 'UTF-8' encoding to copy filtered resources.
2017-09-23 15:08:12,050 [Worker-85] INFO  o.e.m.c.i.embedder.EclipseLogger - skip non existing resourceDirectory D:\xampp\htdocs\tutorial3_apap\demo\src\test\resources
2017-09-23 15:09:00,103 [Worker-76] INFO  o.e.m.c.i.embedder.EclipseLogger - Using 'UTF-8' encoding to copy filtered resources.
2017-09-23 15:09:00,103 [Worker-76] INFO  o.e.m.c.i.embedder.EclipseLogger - Copying 0 resource
2017-09-23 15:09:00,103 [Worker-76] INFO  o.e.m.c.i.embedder.EclipseLogger - Copying 1 resource
2017-09-23 15:09:00,119 [Worker-76] INFO  o.e.m.c.i.embedder.EclipseLogger - Using 'UTF-8' encoding to copy filtered resources.
2017-09-23 15:09:00,119 [Worker-76] INFO  o.e.m.c.i.embedder.EclipseLogger - skip non existing resourceDirectory D:\xampp\htdocs\tutorial3_apap\demo\src\test\resources
2017-09-23 15:13:34,439 [Worker-86] INFO  o.e.m.c.i.embedder.EclipseLogger - Using 'UTF-8' encoding to copy filtered resources.
2017-09-23 15:13:34,440 [Worker-86] INFO  o.e.m.c.i.embedder.EclipseLogger - Copying 0 resource
2017-09-23 15:13:34,440 [Worker-86] INFO  o.e.m.c.i.embedder.EclipseLogger - Copying 1 resource
2017-09-23 15:13:34,454 [Worker-86] INFO  o.e.m.c.i.embedder.EclipseLogger - Using 'UTF-8' encoding to copy filtered resources.
2017-09-23 15:13:34,454 [Worker-86] INFO  o.e.m.c.i.embedder.EclipseLogger - skip non existing resourceDirectory D:\xampp\htdocs\tutorial3_apap\demo\src\test\resources
2017-09-23 15:18:28,932 [Worker-86] INFO  o.e.m.c.i.embedder.EclipseLogger - Using 'UTF-8' encoding to copy filtered resources.
2017-09-23 15:18:28,933 [Worker-86] INFO  o.e.m.c.i.embedder.EclipseLogger - Copying 0 resource
2017-09-23 15:18:28,934 [Worker-86] INFO  o.e.m.c.i.embedder.EclipseLogger - Copying 1 resource
2017-09-23 15:18:28,942 [Worker-86] INFO  o.e.m.c.i.embedder.EclipseLogger - Using 'UTF-8' encoding to copy filtered resources.
2017-09-23 15:18:28,943 [Worker-86] INFO  o.e.m.c.i.embedder.EclipseLogger - skip non existing resourceDirectory D:\xampp\htdocs\tutorial3_apap\demo\src\test\resources
2017-09-23 15:18:55,564 [Worker-86] INFO  o.e.m.c.i.embedder.EclipseLogger - Using 'UTF-8' encoding to copy filtered resources.
2017-09-23 15:18:55,564 [Worker-86] INFO  o.e.m.c.i.embedder.EclipseLogger - Copying 1 resource
2017-09-23 15:18:55,580 [Worker-86] INFO  o.e.m.c.i.embedder.EclipseLogger - Copying 4 resources
2017-09-23 15:18:55,580 [Worker-86] INFO  o.e.m.c.i.embedder.EclipseLogger - Using 'UTF-8' encoding to copy filtered resources.
2017-09-23 15:18:55,580 [Worker-86] INFO  o.e.m.c.i.embedder.EclipseLogger - skip non existing resourceDirectory D:\xampp\htdocs\tutorial3_apap\demo\src\test\resources
2017-09-23 15:22:55,707 [Worker-91] INFO  o.e.m.c.i.embedder.EclipseLogger - Using 'UTF-8' encoding to copy filtered resources.
2017-09-23 15:22:55,709 [Worker-91] INFO  o.e.m.c.i.embedder.EclipseLogger - Copying 1 resource
2017-09-23 15:22:55,712 [Worker-91] INFO  o.e.m.c.i.embedder.EclipseLogger - Copying 4 resources
2017-09-23 15:22:55,717 [Worker-91] INFO  o.e.m.c.i.embedder.EclipseLogger - Using 'UTF-8' encoding to copy filtered resources.
2017-09-23 15:22:55,718 [Worker-91] INFO  o.e.m.c.i.embedder.EclipseLogger - skip non existing resourceDirectory D:\xampp\htdocs\tutorial3_apap\demo\src\test\resources
2017-09-23 15:23:13,789 [Worker-92] INFO  o.e.m.c.i.embedder.EclipseLogger - Using 'UTF-8' encoding to copy filtered resources.
2017-09-23 15:23:13,792 [Worker-92] INFO  o.e.m.c.i.embedder.EclipseLogger - Copying 1 resource
2017-09-23 15:23:13,795 [Worker-92] INFO  o.e.m.c.i.embedder.EclipseLogger - Copying 4 resources
2017-09-23 15:23:13,801 [Worker-92] INFO  o.e.m.c.i.embedder.EclipseLogger - Using 'UTF-8' encoding to copy filtered resources.
2017-09-23 15:23:13,802 [Worker-92] INFO  o.e.m.c.i.embedder.EclipseLogger - skip non existing resourceDirectory D:\xampp\htdocs\tutorial3_apap\demo\src\test\resources
2017-09-23 15:28:31,597 [Worker-93] INFO  o.e.m.c.i.embedder.EclipseLogger - Using 'UTF-8' encoding to copy filtered resources.
2017-09-23 15:28:31,597 [Worker-93] INFO  o.e.m.c.i.embedder.EclipseLogger - Copying 0 resource
2017-09-23 15:28:31,597 [Worker-93] INFO  o.e.m.c.i.embedder.EclipseLogger - Copying 0 resource
2017-09-23 15:28:31,613 [Worker-93] INFO  o.e.m.c.i.embedder.EclipseLogger - Using 'UTF-8' encoding to copy filtered resources.
2017-09-23 15:28:31,613 [Worker-93] INFO  o.e.m.c.i.embedder.EclipseLogger - skip non existing resourceDirectory D:\xampp\htdocs\tutorial3_apap\demo\src\test\resources
2017-09-23 15:28:37,728 [Worker-94] INFO  o.e.m.c.i.embedder.EclipseLogger - Using 'UTF-8' encoding to copy filtered resources.
2017-09-23 15:28:37,728 [Worker-94] INFO  o.e.m.c.i.embedder.EclipseLogger - Copying 1 resource
2017-09-23 15:28:37,728 [Worker-94] INFO  o.e.m.c.i.embedder.EclipseLogger - Copying 3 resources
2017-09-23 15:28:37,744 [Worker-94] INFO  o.e.m.c.i.embedder.EclipseLogger - Using 'UTF-8' encoding to copy filtered resources.
2017-09-23 15:28:37,744 [Worker-94] INFO  o.e.m.c.i.embedder.EclipseLogger - skip non existing resourceDirectory D:\xampp\htdocs\tutorial3_apap\demo\src\test\resources
2017-09-23 15:29:28,615 [Worker-92] INFO  o.e.m.c.i.embedder.EclipseLogger - Using 'UTF-8' encoding to copy filtered resources.
2017-09-23 15:29:28,617 [Worker-92] INFO  o.e.m.c.i.embedder.EclipseLogger - Copying 1 resource
2017-09-23 15:29:28,619 [Worker-92] INFO  o.e.m.c.i.embedder.EclipseLogger - Copying 3 resources
2017-09-23 15:29:28,624 [Worker-92] INFO  o.e.m.c.i.embedder.EclipseLogger - Using 'UTF-8' encoding to copy filtered resources.
2017-09-23 15:29:28,624 [Worker-92] INFO  o.e.m.c.i.embedder.EclipseLogger - skip non existing resourceDirectory D:\xampp\htdocs\tutorial3_apap\demo\src\test\resources
2017-09-23 15:30:00,872 [Worker-94] INFO  o.e.m.c.i.embedder.EclipseLogger - Using 'UTF-8' encoding to copy filtered resources.
2017-09-23 15:30:00,872 [Worker-94] INFO  o.e.m.c.i.embedder.EclipseLogger - Copying 1 resource
2017-09-23 15:30:00,872 [Worker-94] INFO  o.e.m.c.i.embedder.EclipseLogger - Copying 3 resources
2017-09-23 15:30:00,887 [Worker-94] INFO  o.e.m.c.i.embedder.EclipseLogger - Using 'UTF-8' encoding to copy filtered resources.
2017-09-23 15:30:00,887 [Worker-94] INFO  o.e.m.c.i.embedder.EclipseLogger - skip non existing resourceDirectory D:\xampp\htdocs\tutorial3_apap\demo\src\test\resources
2017-09-23 15:32:42,490 [Worker-91] INFO  o.e.m.c.i.embedder.EclipseLogger - Using 'UTF-8' encoding to copy filtered resources.
2017-09-23 15:32:42,490 [Worker-91] INFO  o.e.m.c.i.embedder.EclipseLogger - Copying 1 resource
2017-09-23 15:32:42,490 [Worker-91] INFO  o.e.m.c.i.embedder.EclipseLogger - Copying 3 resources
2017-09-23 15:32:42,506 [Worker-91] INFO  o.e.m.c.i.embedder.EclipseLogger - Using 'UTF-8' encoding to copy filtered resources.
2017-09-23 15:32:42,506 [Worker-91] INFO  o.e.m.c.i.embedder.EclipseLogger - skip non existing resourceDirectory D:\xampp\htdocs\tutorial3_apap\demo\src\test\resources
2017-09-23 15:34:55,087 [Worker-96] INFO  o.e.m.c.i.embedder.EclipseLogger - Using 'UTF-8' encoding to copy filtered resources.
2017-09-23 15:34:55,087 [Worker-96] INFO  o.e.m.c.i.embedder.EclipseLogger - Copying 1 resource
2017-09-23 15:34:55,103 [Worker-96] INFO  o.e.m.c.i.embedder.EclipseLogger - Copying 3 resources
2017-09-23 15:34:55,103 [Worker-96] INFO  o.e.m.c.i.embedder.EclipseLogger - Using 'UTF-8' encoding to copy filtered resources.
2017-09-23 15:34:55,103 [Worker-96] INFO  o.e.m.c.i.embedder.EclipseLogger - skip non existing resourceDirectory D:\xampp\htdocs\tutorial3_apap\demo\src\test\resources
2017-09-23 15:38:20,754 [Worker-96] INFO  o.e.m.c.i.embedder.EclipseLogger - Using 'UTF-8' encoding to copy filtered resources.
2017-09-23 15:38:20,754 [Worker-96] INFO  o.e.m.c.i.embedder.EclipseLogger - Copying 0 resource
2017-09-23 15:38:20,754 [Worker-96] INFO  o.e.m.c.i.embedder.EclipseLogger - Copying 1 resource
2017-09-23 15:38:20,770 [Worker-96] INFO  o.e.m.c.i.embedder.EclipseLogger - Using 'UTF-8' encoding to copy filtered resources.
2017-09-23 15:38:20,770 [Worker-96] INFO  o.e.m.c.i.embedder.EclipseLogger - skip non existing resourceDirectory D:\xampp\htdocs\tutorial3_apap\demo\src\test\resources
2017-09-23 15:38:52,136 [Worker-97] INFO  o.e.m.c.i.embedder.EclipseLogger - Using 'UTF-8' encoding to copy filtered resources.
2017-09-23 15:38:52,136 [Worker-97] INFO  o.e.m.c.i.embedder.EclipseLogger - Copying 0 resource
2017-09-23 15:38:52,136 [Worker-97] INFO  o.e.m.c.i.embedder.EclipseLogger - Copying 1 resource
2017-09-23 15:38:52,152 [Worker-97] INFO  o.e.m.c.i.embedder.EclipseLogger - Using 'UTF-8' encoding to copy filtered resources.
2017-09-23 15:38:52,152 [Worker-97] INFO  o.e.m.c.i.embedder.EclipseLogger - skip non existing resourceDirectory D:\xampp\htdocs\tutorial3_apap\demo\src\test\resources
2017-09-23 15:40:43,738 [Worker-96] INFO  o.e.m.c.i.embedder.EclipseLogger - Using 'UTF-8' encoding to copy filtered resources.
2017-09-23 15:40:43,740 [Worker-96] INFO  o.e.m.c.i.embedder.EclipseLogger - Copying 1 resource
2017-09-23 15:40:43,743 [Worker-96] INFO  o.e.m.c.i.embedder.EclipseLogger - Copying 4 resources
2017-09-23 15:40:43,748 [Worker-96] INFO  o.e.m.c.i.embedder.EclipseLogger - Using 'UTF-8' encoding to copy filtered resources.
2017-09-23 15:40:43,748 [Worker-96] INFO  o.e.m.c.i.embedder.EclipseLogger - skip non existing resourceDirectory D:\xampp\htdocs\tutorial3_apap\demo\src\test\resources
2017-09-23 15:42:45,828 [Worker-91] INFO  o.e.m.c.i.embedder.EclipseLogger - Using 'UTF-8' encoding to copy filtered resources.
2017-09-23 15:42:45,828 [Worker-91] INFO  o.e.m.c.i.embedder.EclipseLogger - Copying 1 resource
2017-09-23 15:42:45,828 [Worker-91] INFO  o.e.m.c.i.embedder.EclipseLogger - Copying 4 resources
2017-09-23 15:42:45,828 [Worker-91] INFO  o.e.m.c.i.embedder.EclipseLogger - Using 'UTF-8' encoding to copy filtered resources.
2017-09-23 15:42:45,828 [Worker-91] INFO  o.e.m.c.i.embedder.EclipseLogger - skip non existing resourceDirectory D:\xampp\htdocs\tutorial3_apap\demo\src\test\resources
2017-09-23 15:42:47,877 [Worker-100] INFO  o.e.m.c.i.embedder.EclipseLogger - Using 'UTF-8' encoding to copy filtered resources.
2017-09-23 15:42:47,877 [Worker-100] INFO  o.e.m.c.i.embedder.EclipseLogger - Copying 1 resource
2017-09-23 15:42:47,877 [Worker-100] INFO  o.e.m.c.i.embedder.EclipseLogger - Copying 4 resources
2017-09-23 15:42:47,877 [Worker-100] INFO  o.e.m.c.i.embedder.EclipseLogger - Using 'UTF-8' encoding to copy filtered resources.
2017-09-23 15:42:47,877 [Worker-100] INFO  o.e.m.c.i.embedder.EclipseLogger - skip non existing resourceDirectory D:\xampp\htdocs\tutorial3_apap\demo\src\test\resources
2017-09-23 15:43:36,116 [Worker-91] INFO  o.e.m.c.i.embedder.EclipseLogger - Using 'UTF-8' encoding to copy filtered resources.
2017-09-23 15:43:36,116 [Worker-91] INFO  o.e.m.c.i.embedder.EclipseLogger - Copying 1 resource
2017-09-23 15:43:36,131 [Worker-91] INFO  o.e.m.c.i.embedder.EclipseLogger - Copying 4 resources
2017-09-23 15:43:36,178 [Worker-91] INFO  o.e.m.c.i.embedder.EclipseLogger - Using 'UTF-8' encoding to copy filtered resources.
2017-09-23 15:43:36,178 [Worker-91] INFO  o.e.m.c.i.embedder.EclipseLogger - skip non existing resourceDirectory D:\xampp\htdocs\tutorial3_apap\demo\src\test\resources
2017-09-23 15:43:37,845 [Worker-94] INFO  o.e.m.c.i.embedder.EclipseLogger - Using 'UTF-8' encoding to copy filtered resources.
2017-09-23 15:43:37,845 [Worker-94] INFO  o.e.m.c.i.embedder.EclipseLogger - Copying 1 resource
2017-09-23 15:43:37,845 [Worker-94] INFO  o.e.m.c.i.embedder.EclipseLogger - Copying 4 resources
2017-09-23 15:43:37,861 [Worker-94] INFO  o.e.m.c.i.embedder.EclipseLogger - Using 'UTF-8' encoding to copy filtered resources.
2017-09-23 15:43:37,861 [Worker-94] INFO  o.e.m.c.i.embedder.EclipseLogger - skip non existing resourceDirectory D:\xampp\htdocs\tutorial3_apap\demo\src\test\resources
